# Growth Log — 2026-05-06 19:51 UTC

## + Files Added

- README.md
- configs/config.yaml.redacted
- cron/jobs.json
- memory/memory.md
- memory/user-profile.md
- scripts/hermes_backup.sh
- skills/brainstorming/SKILL.md
- skills/brainstorming/references/spec-document-reviewer-prompt.md
- skills/brainstorming/references/visual-companion.md
- skills/defuddle/SKILL.md
- skills/filesystem-context/SKILL.md
- skills/planning-with-files/SKILL.md

## Skills Summary

- brainstorming: installed
- defuddle: installed
- filesystem-context: installed
- planning-with-files: installed
- requesting-code-review: installed (pre-existing)
- systematic-debugging: installed (pre-existing)
- test-driven-development: installed (pre-existing)
- writing-plans: installed (pre-existing)

## Cron Jobs

- macro_collect: 50 7,16 * * * | last: ok
- macro_morning_brief: 0 0 * * * | last: error (provider typo)
- macro_evening_brief: 0 9 * * * | last: ok
- macro_weekly_report: 0 10 * * 1 | last: never
- workspace_diff_backup: 0 21 * * * | last: active (new)

## Memory

- memory.md: first snapshot
- user-profile.md: first snapshot
